{
  "RSpec": {
    "coverage": {
      "/Users/khanhnguyen/jobready/tutorial-class-2/app/models/user.rb": [
        1,
        1,
        null,
        1,
        1,
        1,
        null,
        null,
        null,
        1,
        null,
        1,
        null,
        null
      ],
      "/Users/khanhnguyen/jobready/tutorial-class-2/app/models/application_record.rb": [
        1,
        1,
        null
      ],
      "/Users/khanhnguyen/jobready/tutorial-class-2/app/controllers/categories_controller.rb": [
        1,
        1,
        null,
        1,
        null,
        1,
        null,
        1,
        null,
        1,
        null,
        1,
        4,
        null,
        null,
        1,
        4,
        null,
        null,
        1,
        2,
        2,
        null,
        null,
        1,
        1,
        9,
        null,
        null
      ],
      "/Users/khanhnguyen/jobready/tutorial-class-2/app/controllers/application_controller.rb": [
        1,
        null,
        null,
        1,
        1,
        null,
        1,
        null,
        1,
        1,
        18,
        null,
        null
      ],
      "/Users/khanhnguyen/jobready/tutorial-class-2/app/helpers/application_helper.rb": [
        1,
        1,
        13,
        null,
        null,
        1,
        2,
        2,
        null,
        null
      ],
      "/Users/khanhnguyen/jobready/tutorial-class-2/app/helpers/category_helper.rb": [
        1,
        1,
        2,
        null,
        null
      ],
      "/Users/khanhnguyen/jobready/tutorial-class-2/app/helpers/customer_order_helper.rb": [
        1,
        1,
        0,
        0,
        null,
        null
      ],
      "/Users/khanhnguyen/jobready/tutorial-class-2/app/helpers/menu_helper.rb": [
        1,
        1,
        1,
        null,
        null
      ],
      "/Users/khanhnguyen/jobready/tutorial-class-2/app/helpers/product_helper.rb": [
        1,
        1,
        0,
        null,
        null
      ],
      "/Users/khanhnguyen/jobready/tutorial-class-2/app/controllers/customer_orders_controller.rb": [
        1,
        1,
        null,
        1,
        null,
        1,
        null,
        1,
        2,
        0,
        0,
        null,
        1,
        1,
        null,
        null,
        null,
        1,
        1,
        2,
        null,
        null,
        1,
        0,
        null,
        null
      ],
      "/Users/khanhnguyen/jobready/tutorial-class-2/app/controllers/lunch_orders_controller.rb": [
        1,
        1,
        null,
        1,
        null,
        null,
        1,
        null,
        null
      ],
      "/Users/khanhnguyen/jobready/tutorial-class-2/app/controllers/menus_controller.rb": [
        1,
        1,
        null,
        1,
        null,
        1,
        null,
        1,
        null,
        1,
        null,
        1,
        4,
        null,
        null,
        1,
        2,
        null,
        null,
        1,
        2,
        2,
        null,
        null,
        1,
        1,
        7,
        7,
        null,
        null
      ],
      "/Users/khanhnguyen/jobready/tutorial-class-2/app/controllers/product_imports_controller.rb": [
        1,
        1,
        0,
        0,
        0,
        0,
        null,
        0,
        null,
        null,
        null
      ],
      "/Users/khanhnguyen/jobready/tutorial-class-2/app/controllers/products_controller.rb": [
        1,
        1,
        null,
        1,
        1,
        2,
        1,
        null,
        null,
        null,
        1,
        1,
        null,
        null,
        1,
        0,
        null,
        null,
        null,
        null,
        null,
        null,
        null,
        1,
        1,
        null,
        null,
        1,
        0,
        null,
        null,
        1,
        0,
        null,
        null,
        1,
        2,
        2,
        null,
        null,
        1,
        1,
        0,
        null,
        1,
        null,
        null,
        null,
        1,
        1,
        null,
        null,
        1,
        1,
        5,
        null,
        null
      ],
      "/Users/khanhnguyen/jobready/tutorial-class-2/app/controllers/users_controller.rb": [
        1,
        1,
        null,
        1,
        null,
        1,
        null,
        1,
        null,
        1,
        2,
        1,
        1,
        null,
        1,
        1,
        null,
        null,
        null,
        1,
        1,
        2,
        null,
        null
      ],
      "/Users/khanhnguyen/jobready/tutorial-class-2/app/models/category.rb": [
        1,
        1,
        null,
        1,
        null,
        1,
        null,
        3,
        null
      ],
      "/Users/khanhnguyen/jobready/tutorial-class-2/app/models/customer_order.rb": [
        1,
        1,
        1,
        1,
        null,
        1,
        null,
        null
      ],
      "/Users/khanhnguyen/jobready/tutorial-class-2/app/models/lunch_order.rb": [
        1,
        1,
        null
      ],
      "/Users/khanhnguyen/jobready/tutorial-class-2/app/models/menu.rb": [
        1,
        1,
        null,
        1,
        4,
        null,
        null
      ],
      "/Users/khanhnguyen/jobready/tutorial-class-2/app/models/product.rb": [
        1,
        1,
        null,
        1,
        1,
        null,
        1,
        null,
        1,
        null,
        13,
        null
      ],
      "/Users/khanhnguyen/jobready/tutorial-class-2/app/services/import_csv.rb": [
        1,
        1,
        4,
        4,
        4,
        4,
        null,
        null,
        1,
        4,
        null,
        null,
        1,
        1,
        null,
        null,
        1,
        4,
        4,
        null,
        null,
        1,
        1,
        8,
        null,
        null
      ],
      "/Users/khanhnguyen/jobready/tutorial-class-2/app/services/products/export_csv.rb": [
        1,
        null,
        1,
        1,
        1,
        2,
        null,
        null,
        1,
        2,
        2,
        2,
        2,
        null,
        null,
        null,
        null,
        1,
        1,
        2,
        null,
        null,
        1,
        2,
        2,
        2,
        2,
        2,
        2,
        null,
        null,
        null
      ],
      "/Users/khanhnguyen/jobready/tutorial-class-2/app/services/products/importor.rb": [
        1,
        null,
        1,
        1,
        1,
        null,
        1,
        2,
        2,
        4,
        null,
        2,
        null,
        null,
        1,
        null,
        1,
        4,
        4,
        4,
        4,
        4,
        4,
        4,
        null,
        null,
        1,
        4,
        null,
        null,
        null
      ],
      "/Users/khanhnguyen/jobready/tutorial-class-2/app/models/ability.rb": [
        1,
        1,
        null,
        1,
        73,
        null,
        73,
        null,
        null,
        73,
        29,
        null,
        22,
        null,
        22,
        null,
        0,
        null,
        null,
        null,
        1,
        1,
        22,
        22,
        22,
        22,
        22,
        22,
        null,
        null,
        1,
        22,
        22,
        22,
        22,
        22,
        null,
        null
      ],
      "/Users/khanhnguyen/jobready/tutorial-class-2/app/mailers/application_mailer.rb": [
        0,
        0,
        0,
        0
      ],
      "/Users/khanhnguyen/jobready/tutorial-class-2/app/jobs/application_job.rb": [
        0,
        0
      ],
      "/Users/khanhnguyen/jobready/tutorial-class-2/app/controllers/home_controller.rb": [
        0,
        0,
        0,
        0,
        0
      ],
      "/Users/khanhnguyen/jobready/tutorial-class-2/app/channels/room_channel.rb": [
        0,
        0,
        null,
        0,
        null,
        0,
        null,
        0,
        null,
        0,
        null,
        0,
        0
      ],
      "/Users/khanhnguyen/jobready/tutorial-class-2/app/channels/application_cable/connection.rb": [
        0,
        0,
        0,
        0
      ],
      "/Users/khanhnguyen/jobready/tutorial-class-2/app/channels/application_cable/channel.rb": [
        0,
        0,
        0,
        0
      ]
    },
    "timestamp": 1559549718
  }
}
